<?xml version="1.0" encoding="UTF-8"?>
<testsuite xmlns:xsi="http://www.w3.org/2001/XMLSchema-instance" xsi:noNamespaceSchemaLocation="https://maven.apache.org/surefire/maven-surefire-plugin/xsd/surefire-test-report.xsd" name="pl.marekk.nlp.textextraction.domain.TextExtractorTest" time="0.023" tests="2" errors="0" skipped="0" failures="0">
  <properties>
[...]
</properties>
  <testcase name="shouldReturnFailureResponse" classname="pl.marekk.nlp.textextraction.domain.TextExtractorTest" time="0.022"/>
  <testcase name="shouldReturnSuccessResponse" classname="pl.marekk.nlp.textextraction.domain.TextExtractorTest" time="0.001"/>
</testsuite>